2017-08-08 15:31:13,071 INFO 5072 [egg:logger] init all loggers with options: {"dir":"E:\\code\\own\\learn\\project\\js\\node\\eggjs\\logs\\eggjs","encoding":"utf8","env":"unittest","level":"INFO","consoleLevel":"WARN","disableConsoleAfterReady":false,"outputJSON":false,"buffer":false,"appLogName":"eggjs-web.log","coreLogName":"egg-web.log","agentLogName":"egg-agent.log","errorLogName":"common-error.log","coreLogger":{},"type":"application"}
2017-08-08 15:31:13,336 INFO 5072 [egg-schedule]: register schedule egg-schedule:E:\code\own\learn\project\js\node\eggjs\node_modules\.2.2.3@egg-logrotator\app\schedule\clean_log.js
2017-08-08 15:31:13,336 INFO 5072 [egg-schedule]: register schedule egg-schedule:E:\code\own\learn\project\js\node\eggjs\node_modules\.2.2.3@egg-logrotator\app\schedule\rotate_by_file.js
2017-08-08 15:31:14,007 INFO 5072 [egg-static] starting static serve /public/ -> E:\code\own\learn\project\js\node\eggjs\app\public
2017-08-08 15:31:14,022 INFO 5072 [egg-security] use csrf middleware
2017-08-08 15:31:14,022 INFO 5072 [egg-security] use methodnoallow middleware
2017-08-08 15:31:14,022 INFO 5072 [egg-security] use noopen middleware
2017-08-08 15:31:14,022 INFO 5072 [egg-security] use nosniff middleware
2017-08-08 15:31:14,022 INFO 5072 [egg-security] use xssProtection middleware
2017-08-08 15:31:14,053 INFO 5072 [egg-security] use xframe middleware
2017-08-08 15:31:14,053 INFO 5072 [egg-security] use dta middleware
2017-08-08 15:31:14,053 INFO 5072 [egg-security] compose 7 middlewares into one security middleware
2017-08-08 15:31:14,147 INFO 5072 [egg-watcher:app] watcher start success
2017-08-08 16:41:16,260 INFO 5804 [egg:logger] init all loggers with options: {"dir":"E:\\code\\own\\learn\\project\\js\\node\\eggjs\\logs\\eggjs","encoding":"utf8","env":"local","level":"INFO","consoleLevel":"INFO","disableConsoleAfterReady":false,"outputJSON":false,"buffer":true,"appLogName":"eggjs-web.log","coreLogName":"egg-web.log","agentLogName":"egg-agent.log","errorLogName":"common-error.log","coreLogger":{"consoleLevel":"WARN"},"type":"application"}
2017-08-08 16:41:16,353 INFO 5804 [egg-schedule]: register schedule egg-schedule:E:\code\own\learn\project\js\node\eggjs\node_modules\.2.2.3@egg-logrotator\app\schedule\clean_log.js
2017-08-08 16:41:16,353 INFO 5804 [egg-schedule]: register schedule egg-schedule:E:\code\own\learn\project\js\node\eggjs\node_modules\.2.2.3@egg-logrotator\app\schedule\rotate_by_file.js
2017-08-08 16:41:16,523 INFO 5804 [egg-static] starting static serve /public/ -> E:\code\own\learn\project\js\node\eggjs\app\public
2017-08-08 16:41:16,530 INFO 5804 [egg-security] use csrf middleware
2017-08-08 16:41:16,533 INFO 5804 [egg-security] use methodnoallow middleware
2017-08-08 16:41:16,534 INFO 5804 [egg-security] use noopen middleware
2017-08-08 16:41:16,535 INFO 5804 [egg-security] use nosniff middleware
2017-08-08 16:41:16,536 INFO 5804 [egg-security] use xssProtection middleware
2017-08-08 16:41:16,537 INFO 5804 [egg-security] use xframe middleware
2017-08-08 16:41:16,538 INFO 5804 [egg-security] use dta middleware
2017-08-08 16:41:16,539 INFO 5804 [egg-security] compose 7 middlewares into one security middleware
2017-08-08 16:41:16,748 INFO 5804 [egg-watcher:app] watcher start success
